<?xml version="1.0" encoding="UTF-8"?>
<testsuite xmlns:xsi="http://www.w3.org/2001/XMLSchema-instance" xsi:noNamespaceSchemaLocation="https://maven.apache.org/surefire/maven-surefire-plugin/xsd/surefire-test-report-3.0.xsd" version="3.0" name="com.craftdemo.crud.example.SpringBootCrudExample2ApplicationTests" time="37.844" tests="6" errors="0" skipped="0" failures="0">
  <properties>
[...]
</properties>
  <testcase name="testFindProductById" classname="com.craftdemo.crud.example.SpringBootCrudExample2ApplicationTests" time="0.982">
    <system-out><![CDATA[06:09:38.780 [main] INFO org.springframework.test.context.support.AnnotationConfigContextLoaderUtils -- Could not detect default configuration classes for test class [com.craftdemo.crud.example.SpringBootCrudExample2ApplicationTests]: SpringBootCrudExample2ApplicationTests does not declare any static, non-private, non-final, nested classes annotated with @Configuration.
06:09:38.896 [main] INFO org.springframework.boot.test.context.SpringBootTestContextBootstrapper -- Found @SpringBootConfiguration com.craftdemo.crud.example.SpringBootCrudExample2Application for test class com.craftdemo.crud.example.SpringBootCrudExample2ApplicationTests

  .   ____          _            __ _ _
 /\\ / ___'_ __ _ _(_)_ __  __ _ \ \ \ \
( ( )\___ | '_ | '_| | '_ \/ _` | \ \ \ \
 \\/  ___)| |_)| | | | | || (_| |  ) ) ) )
  '  |____| .__|_| |_|_| |_\__, | / / / /
 =========|_|==============|___/=/_/_/_/

 :: Spring Boot ::                (v3.3.4)

2024-10-16T06:09:39.708+05:30  INFO 24700 --- [           main] e.SpringBootCrudExample2ApplicationTests : Starting SpringBootCrudExample2ApplicationTests using Java 21.0.3 with PID 24700 (started by dayal in S:\Daya\Codebase\integration-test-demo-main)
2024-10-16T06:09:39.709+05:30  INFO 24700 --- [           main] e.SpringBootCrudExample2ApplicationTests : No active profile set, falling back to 1 default profile: "default"
2024-10-16T06:09:40.480+05:30  INFO 24700 --- [           main] .s.d.r.c.RepositoryConfigurationDelegate : Bootstrapping Spring Data JPA repositories in DEFAULT mode.
2024-10-16T06:09:40.602+05:30  INFO 24700 --- [           main] .s.d.r.c.RepositoryConfigurationDelegate : Finished Spring Data repository scanning in 110 ms. Found 2 JPA repository interfaces.
2024-10-16T06:09:41.470+05:30  INFO 24700 --- [           main] o.s.b.w.embedded.tomcat.TomcatWebServer  : Tomcat initialized with port 8072 (http)
2024-10-16T06:09:41.495+05:30  INFO 24700 --- [           main] o.apache.catalina.core.StandardService   : Starting service [Tomcat]
2024-10-16T06:09:41.495+05:30  INFO 24700 --- [           main] o.apache.catalina.core.StandardEngine    : Starting Servlet engine: [Apache Tomcat/10.1.30]
2024-10-16T06:09:41.585+05:30  INFO 24700 --- [           main] o.a.c.c.C.[Tomcat].[localhost].[/]       : Initializing Spring embedded WebApplicationContext
2024-10-16T06:09:41.587+05:30  INFO 24700 --- [           main] w.s.c.ServletWebServerApplicationContext : Root WebApplicationContext: initialization completed in 1851 ms
2024-10-16T06:09:41.637+05:30  INFO 24700 --- [           main] com.zaxxer.hikari.HikariDataSource       : HikariPool-1 - Starting...
2024-10-16T06:09:41.883+05:30  INFO 24700 --- [           main] com.zaxxer.hikari.pool.HikariPool        : HikariPool-1 - Added connection conn0: url=jdbc:h2:mem:939304a6-cecc-4254-9abe-00e5b6017f95 user=SA
2024-10-16T06:09:41.885+05:30  INFO 24700 --- [           main] com.zaxxer.hikari.HikariDataSource       : HikariPool-1 - Start completed.
2024-10-16T06:09:41.904+05:30  INFO 24700 --- [           main] o.s.b.a.h2.H2ConsoleAutoConfiguration    : H2 console available at '/h2-console'. Database available at 'jdbc:h2:mem:939304a6-cecc-4254-9abe-00e5b6017f95'
2024-10-16T06:09:42.174+05:30  INFO 24700 --- [           main] o.hibernate.jpa.internal.util.LogHelper  : HHH000204: Processing PersistenceUnitInfo [name: default]
2024-10-16T06:09:42.256+05:30  INFO 24700 --- [           main] org.hibernate.Version                    : HHH000412: Hibernate ORM core version 6.5.3.Final
2024-10-16T06:09:42.323+05:30  INFO 24700 --- [           main] o.h.c.internal.RegionFactoryInitiator    : HHH000026: Second-level cache disabled
2024-10-16T06:09:42.805+05:30  INFO 24700 --- [           main] o.s.o.j.p.SpringPersistenceUnitInfo      : No LoadTimeWeaver setup: ignoring JPA class transformer
2024-10-16T06:09:43.713+05:30  INFO 24700 --- [           main] o.h.e.t.j.p.i.JtaPlatformInitiator       : HHH000489: No JTA platform available (set 'hibernate.transaction.jta.platform' to enable JTA platform integration)
2024-10-16T06:09:43.741+05:30  INFO 24700 --- [           main] j.LocalContainerEntityManagerFactoryBean : Initialized JPA EntityManagerFactory for persistence unit 'default'
2024-10-16T06:09:44.226+05:30  WARN 24700 --- [           main] JpaBaseConfiguration$JpaWebConfiguration : spring.jpa.open-in-view is enabled by default. Therefore, database queries may be performed during view rendering. Explicitly configure spring.jpa.open-in-view to disable this warning
2024-10-16T06:09:45.112+05:30  INFO 24700 --- [           main] o.s.b.w.embedded.tomcat.TomcatWebServer  : Tomcat started on port 8072 (http) with context path '/'
2024-10-16T06:09:45.122+05:30  INFO 24700 --- [           main] e.SpringBootCrudExample2ApplicationTests : Started SpringBootCrudExample2ApplicationTests in 5.777 seconds (process running for 7.281)
2024-10-16T06:09:45.940+05:30  INFO 24700 --- [nio-8072-exec-1] o.a.c.c.C.[Tomcat].[localhost].[/]       : Initializing Spring DispatcherServlet 'dispatcherServlet'
2024-10-16T06:09:45.940+05:30  INFO 24700 --- [nio-8072-exec-1] o.s.web.servlet.DispatcherServlet        : Initializing Servlet 'dispatcherServlet'
2024-10-16T06:09:45.942+05:30  INFO 24700 --- [nio-8072-exec-1] o.s.web.servlet.DispatcherServlet        : Completed initialization in 2 ms
]]></system-out>
    <system-err><![CDATA[WARNING: A Java agent has been loaded dynamically (C:\Users\dayal\.m2\repository\net\bytebuddy\byte-buddy-agent\1.14.19\byte-buddy-agent-1.14.19.jar)
WARNING: If a serviceability tool is in use, please run with -XX:+EnableDynamicAgentLoading to hide this warning
WARNING: If a serviceability tool is not in use, please run with -Djdk.instrument.traceUsage for more information
WARNING: Dynamic loading of agents will be disallowed by default in a future release
]]></system-err>
  </testcase>
  <testcase name="testUpdateProduct" classname="com.craftdemo.crud.example.SpringBootCrudExample2ApplicationTests" time="0.079"/>
  <testcase name="testGetProducts" classname="com.craftdemo.crud.example.SpringBootCrudExample2ApplicationTests" time="0.152"/>
  <testcase name="testAddProduct" classname="com.craftdemo.crud.example.SpringBootCrudExample2ApplicationTests" time="0.032"/>
  <testcase name="contextLoads" classname="com.craftdemo.crud.example.SpringBootCrudExample2ApplicationTests" time="30.005"/>
  <testcase name="testDeleteProduct" classname="com.craftdemo.crud.example.SpringBootCrudExample2ApplicationTests" time="0.017"/>
</testsuite>